Unity Editor version:    2022.3.42f1 (2dcb6a0abc42)
Branch:                  2022.3/staging
Build type:              Release
Batch mode:              YES
macOS version:           Version 14.4.1 (Build 23E224)
Darwin version:          23.4.0
Architecture:            arm64
Running under Rosetta:   NO
Available memory:        32768 MB
Using pre-set license
Pro License: YES

COMMAND LINE ARGUMENTS:
/Applications/Unity/Hub/Editor/2022.3.42f1/Unity.app/Contents/MacOS/Unity
-adb2
-batchMode
-noUpm
-name
AssetImportWorker0
-projectPath
/Users/victorsun/workspace/github/WebXR-Study/[Graphics]/StudyProject
-logFile
Logs/AssetImportWorker0.log
-srvPort
62351
Successfully changed project path to: /Users/victorsun/workspace/github/WebXR-Study/[Graphics]/StudyProject
/Users/victorsun/workspace/github/WebXR-Study/[Graphics]/StudyProject
[UnityMemory] Configuration Parameters - Can be set up in boot.config
    "memorysetup-bucket-allocator-granularity=16"
    "memorysetup-bucket-allocator-bucket-count=8"
    "memorysetup-bucket-allocator-block-size=33554432"
    "memorysetup-bucket-allocator-block-count=8"
    "memorysetup-main-allocator-block-size=16777216"
    "memorysetup-thread-allocator-block-size=16777216"
    "memorysetup-gfx-main-allocator-block-size=16777216"
    "memorysetup-gfx-thread-allocator-block-size=16777216"
    "memorysetup-cache-allocator-block-size=4194304"
    "memorysetup-typetree-allocator-block-size=2097152"
    "memorysetup-profiler-bucket-allocator-granularity=16"
    "memorysetup-profiler-bucket-allocator-bucket-count=8"
    "memorysetup-profiler-bucket-allocator-block-size=33554432"
    "memorysetup-profiler-bucket-allocator-block-count=8"
    "memorysetup-profiler-allocator-block-size=16777216"
    "memorysetup-profiler-editor-allocator-block-size=1048576"
    "memorysetup-temp-allocator-size-main=16777216"
    "memorysetup-job-temp-allocator-block-size=2097152"
    "memorysetup-job-temp-allocator-block-size-background=1048576"
    "memorysetup-job-temp-allocator-reduction-small-platforms=262144"
    "memorysetup-allocator-temp-initial-block-size-main=262144"
    "memorysetup-allocator-temp-initial-block-size-worker=262144"
    "memorysetup-temp-allocator-size-background-worker=32768"
    "memorysetup-temp-allocator-size-job-worker=262144"
    "memorysetup-temp-allocator-size-preload-manager=33554432"
    "memorysetup-temp-allocator-size-nav-mesh-worker=65536"
    "memorysetup-temp-allocator-size-audio-worker=65536"
    "memorysetup-temp-allocator-size-cloud-worker=32768"
    "memorysetup-temp-allocator-size-gi-baking-worker=262144"
    "memorysetup-temp-allocator-size-gfx=262144"
Player connection [8229255872]  Target information:

Player connection [8229255872]  * "[IP] 192.168.31.10 [Port] 0 [Flags] 2 [Guid] 563231621 [EditorId] 563231621 [Version] 1048832 [Id] OSXEditor(0,VICTORSUN-MB3) [Debug] 1 [PackageName] OSXEditor [ProjectName] Editor" 

Player connection [8229255872]  * "[IP] 192.168.255.10 [Port] 0 [Flags] 2 [Guid] 563231621 [EditorId] 563231621 [Version] 1048832 [Id] OSXEditor(0,VICTORSUN-MB3) [Debug] 1 [PackageName] OSXEditor [ProjectName] Editor" 

Player connection [8229255872] Host joined multi-casting on [225.0.0.222:54997]...
Player connection [8229255872] Host joined alternative multi-casting on [225.0.0.222:34997]...
[PhysX] Initialized MultithreadedTaskDispatcher with 10 workers.
Refreshing native plugins compatible for Editor in 3.10 ms, found 2 plugins.
Preloading 0 native plugins for Editor in 0.00 ms.
Initialize engine version: 2022.3.42f1 (2dcb6a0abc42)
[Subsystems] Discovering subsystems at path /Applications/Unity/Hub/Editor/2022.3.42f1/Unity.app/Contents/Resources/UnitySubsystems
[Subsystems] Discovering subsystems at path /Users/victorsun/workspace/github/WebXR-Study/[Graphics]/StudyProject/Assets
GfxDevice: creating device client; threaded=0; jobified=0
 preferred device: Apple M1 Pro (high power)
Metal devices available: 1
0: Apple M1 Pro (high power)
Using device Apple M1 Pro (high power)
Initializing Metal device caps: Apple M1 Pro
Initialize mono
Mono path[0] = '/Applications/Unity/Hub/Editor/2022.3.42f1/Unity.app/Contents/Managed'
Mono path[1] = '/Applications/Unity/Hub/Editor/2022.3.42f1/Unity.app/Contents/MonoBleedingEdge/lib/mono/unityjit-macos'
Mono config path = '/Applications/Unity/Hub/Editor/2022.3.42f1/Unity.app/Contents/MonoBleedingEdge/etc'
Using monoOptions --debugger-agent=transport=dt_socket,embedding=1,server=y,suspend=n,address=127.0.0.1:56873
Begin MonoManager ReloadAssembly
Registering precompiled unity dll's ...
Register platform support module: /Applications/Unity/Hub/Editor/2022.3.42f1/PlaybackEngines/WebGLSupport/UnityEditor.WebGL.Extensions.dll
Register platform support module: /Applications/Unity/Hub/Editor/2022.3.42f1/Unity.app/Contents/PlaybackEngines/MacStandaloneSupport/UnityEditor.OSXStandalone.Extensions.dll
Registered in 0.002761 seconds.
- Loaded All Assemblies, in  0.220 seconds
Native extension for OSXStandalone target not found
Native extension for WebGL target not found
Mono: successfully reloaded assembly
- Finished resetting the current domain, in  0.162 seconds
Domain Reload Profiling: 382ms
	BeginReloadAssembly (56ms)
		ExecutionOrderSort (0ms)
		DisableScriptedObjects (0ms)
		BackupInstance (0ms)
		ReleaseScriptingObjects (0ms)
		CreateAndSetChildDomain (0ms)
	RebuildCommonClasses (23ms)
	RebuildNativeTypeToScriptingClass (8ms)
	initialDomainReloadingComplete (32ms)
	LoadAllAssembliesAndSetupDomain (100ms)
		LoadAssemblies (57ms)
		RebuildTransferFunctionScriptingTraits (0ms)
		AnalyzeDomain (98ms)
			TypeCache.Refresh (97ms)
				TypeCache.ScanAssembly (87ms)
			ScanForSourceGeneratedMonoScriptInfo (0ms)
			ResolveRequiredComponents (0ms)
	FinalizeReload (162ms)
		ReleaseScriptCaches (0ms)
		RebuildScriptCaches (0ms)
		SetupLoadedEditorAssemblies (129ms)
			LogAssemblyErrors (0ms)
			InitializePlatformSupportModulesInManaged (6ms)
			SetLoadedEditorAssemblies (4ms)
			RefreshPlugins (0ms)
			BeforeProcessingInitializeOnLoad (1ms)
			ProcessInitializeOnLoadAttributes (91ms)
			ProcessInitializeOnLoadMethodAttributes (27ms)
			AfterProcessingInitializeOnLoad (0ms)
			EditorAssembliesLoaded (0ms)
		ExecutionOrderSort2 (0ms)
		AwakeInstancesAfterBackupRestoration (0ms)
========================================================================
Worker process is ready to serve import requests
Caller must complete domain reload
Begin MonoManager ReloadAssembly
- Loaded All Assemblies, in  0.379 seconds
Native extension for OSXStandalone target not found
Native extension for WebGL target not found
Package Manager log level set to [2]
[Package Manager] Server::EnsureServerProcessIsRunning -- launch failed, reason: Unity was launched with the -noUpm command-line argument
[Package Manager] UpmClient::Send -- Unable to send message (not connected to UPM process).
[Package Manager] Cannot connect to Unity Package Manager local server
Mono: successfully reloaded assembly
- Finished resetting the current domain, in  0.344 seconds
Domain Reload Profiling: 723ms
	BeginReloadAssembly (76ms)
		ExecutionOrderSort (0ms)
		DisableScriptedObjects (3ms)
		BackupInstance (0ms)
		ReleaseScriptingObjects (0ms)
		CreateAndSetChildDomain (16ms)
	RebuildCommonClasses (23ms)
	RebuildNativeTypeToScriptingClass (8ms)
	initialDomainReloadingComplete (22ms)
	LoadAllAssembliesAndSetupDomain (250ms)
		LoadAssemblies (167ms)
		RebuildTransferFunctionScriptingTraits (0ms)
		AnalyzeDomain (118ms)
			TypeCache.Refresh (107ms)
				TypeCache.ScanAssembly (95ms)
			ScanForSourceGeneratedMonoScriptInfo (7ms)
			ResolveRequiredComponents (3ms)
	FinalizeReload (344ms)
		ReleaseScriptCaches (0ms)
		RebuildScriptCaches (0ms)
		SetupLoadedEditorAssemblies (251ms)
			LogAssemblyErrors (0ms)
			InitializePlatformSupportModulesInManaged (4ms)
			SetLoadedEditorAssemblies (3ms)
			RefreshPlugins (0ms)
			BeforeProcessingInitializeOnLoad (36ms)
			ProcessInitializeOnLoadAttributes (196ms)
			ProcessInitializeOnLoadMethodAttributes (11ms)
			AfterProcessingInitializeOnLoad (1ms)
			EditorAssembliesLoaded (0ms)
		ExecutionOrderSort2 (0ms)
		AwakeInstancesAfterBackupRestoration (2ms)
Launching external process: /Applications/Unity/Hub/Editor/2022.3.42f1/Unity.app/Contents/Tools/UnityShaderCompiler
Launched and connected shader compiler UnityShaderCompiler after 0.03 seconds
Refreshing native plugins compatible for Editor in 0.75 ms, found 2 plugins.
Preloading 0 native plugins for Editor in 0.00 ms.
Unloading 3113 Unused Serialized files (Serialized files now loaded: 0)
Unloading 19 unused Assets / (49.0 KB). Loaded Objects now: 3581.
Memory consumption went from 130.6 MB to 130.5 MB.
Total: 2.215500 ms (FindLiveObjects: 0.106041 ms CreateObjectMapping: 0.036042 ms MarkObjects: 2.002541 ms  DeleteObjects: 0.070417 ms)

AssetImportParameters requested are different than current active one (requested -> active):
  custom:container-demuxer-ogg: 62fdf1f143b41e24485cea50d1cbac27 -> 
  custom:video-decoder-ogg-theora: a1e56fd34408186e4bbccfd4996cb3dc -> 
  custom:CustomObjectIndexerAttribute: 9a22284fe3817be447336de3de66b15e -> 
  custom:container-demuxer-webm: 4f35f7cbe854078d1ac9338744f61a02 -> 
  custom:container-muxer-webm: aa71ff27fc2769a1b78a27578f13a17b -> 
  custom:video-decoder-webm-vp8: 9c59270c3fd7afecdb556c50c9e8de78 -> 
  custom:SearchIndexIgnoredProperties: e643bd26f0fe6173181afceb89e7c659 -> 
  custom:AudioImporter_EditorPlatform: 3918e3fc78b5a79bad01e8451be0beb8 -> 
  custom:framework-osx-AVFoundation: e770b220cccbd017edd2c1fefb359320 -> 
  custom:video-encoder-webm-vp8: eb34c28f22e8b96e1ab97ce403110664 -> 
  custom:audio-decoder-ogg-vorbis: bf7c407c2cedff20999df2af8eb42d56 -> 
  custom:audio-encoder-webm-vorbis: bf7c407c2cedff20999df2af8eb42d56 -> 
========================================================================
Received Import Request.
  Time since last request: 557383.778969 seconds.
  path: Assets/Arts/28-.shader
  artifactKey: Guid(477a23d6688a340d9a27b618275ff717) Importer(815301076,1909f56bfc062723c751e8b465ee728b)
Start importing Assets/Arts/28-.shader using Guid(477a23d6688a340d9a27b618275ff717) Importer(815301076,1909f56bfc062723c751e8b465ee728b) [PhysX] Initialized MultithreadedTaskDispatcher with 10 workers.
 -> (artifact id: 'd971047637e01ed14a9129fb48566933') in 0.006164 seconds
Number of updated asset objects reloaded before import = 0
Number of asset objects unloaded after import = 0
========================================================================
Received Import Request.
  Time since last request: 24.379646 seconds.
  path: Assets/Arts/21-UIGray.shader
  artifactKey: Guid(19d7c7f31213e471dab3caa866029574) Importer(815301076,1909f56bfc062723c751e8b465ee728b)
Start importing Assets/Arts/21-UIGray.shader using Guid(19d7c7f31213e471dab3caa866029574) Importer(815301076,1909f56bfc062723c751e8b465ee728b) [PhysX] Initialized MultithreadedTaskDispatcher with 10 workers.
 -> (artifact id: '353fc32bf69d035050d1b0077a878ff7') in 0.000448 seconds
Number of updated asset objects reloaded before import = 1
Number of asset objects unloaded after import = 0
========================================================================
Received Import Request.
  Time since last request: 68.213842 seconds.
  path: Assets/Arts/28-Lambert.shader
  artifactKey: Guid(1ef093e6bb3d54f6bacc76fbc3025289) Importer(815301076,1909f56bfc062723c751e8b465ee728b)
Start importing Assets/Arts/28-Lambert.shader using Guid(1ef093e6bb3d54f6bacc76fbc3025289) Importer(815301076,1909f56bfc062723c751e8b465ee728b) [PhysX] Initialized MultithreadedTaskDispatcher with 10 workers.
 -> (artifact id: '06d284a74f898e2139ccd949869aab37') in 0.003383 seconds
Number of updated asset objects reloaded before import = 0
Number of asset objects unloaded after import = 1
========================================================================
Received Import Request.
  Time since last request: 8.881264 seconds.
  path: Assets/Arts/28.mat
  artifactKey: Guid(d024da7c7740243648569ebc5d4c5a9e) Importer(815301076,1909f56bfc062723c751e8b465ee728b)
Start importing Assets/Arts/28.mat using Guid(d024da7c7740243648569ebc5d4c5a9e) Importer(815301076,1909f56bfc062723c751e8b465ee728b) [PhysX] Initialized MultithreadedTaskDispatcher with 10 workers.
[PhysX] Initialized MultithreadedTaskDispatcher with 10 workers.
 -> (artifact id: '354ebce673b5fc31c2c6c07c5accb081') in 0.076529 seconds
Number of updated asset objects reloaded before import = 0
Number of asset objects unloaded after import = 2
========================================================================
Received Import Request.
  Time since last request: 171.112882 seconds.
  path: Assets/Arts/28.mat
  artifactKey: Guid(d024da7c7740243648569ebc5d4c5a9e) Importer(815301076,1909f56bfc062723c751e8b465ee728b)
Start importing Assets/Arts/28.mat using Guid(d024da7c7740243648569ebc5d4c5a9e) Importer(815301076,1909f56bfc062723c751e8b465ee728b) [PhysX] Initialized MultithreadedTaskDispatcher with 10 workers.
[PhysX] Initialized MultithreadedTaskDispatcher with 10 workers.
 -> (artifact id: 'b01de5ae024722e9085519bf2820906b') in 0.050621 seconds
Number of updated asset objects reloaded before import = 0
Number of asset objects unloaded after import = 2
========================================================================
Received Import Request.
  Time since last request: 994.373853 seconds.
  path: Assets/Arts/28.mat
  artifactKey: Guid(d024da7c7740243648569ebc5d4c5a9e) Importer(815301076,1909f56bfc062723c751e8b465ee728b)
Start importing Assets/Arts/28.mat using Guid(d024da7c7740243648569ebc5d4c5a9e) Importer(815301076,1909f56bfc062723c751e8b465ee728b) [PhysX] Initialized MultithreadedTaskDispatcher with 10 workers.
[PhysX] Initialized MultithreadedTaskDispatcher with 10 workers.
 -> (artifact id: '0e4e9b44c815aec88f2ed51257dfbe8d') in 0.053467 seconds
Number of updated asset objects reloaded before import = 0
Number of asset objects unloaded after import = 2
========================================================================
Received Import Request.
  Time since last request: 190.204878 seconds.
  path: Assets/Arts/28.mat
  artifactKey: Guid(d024da7c7740243648569ebc5d4c5a9e) Importer(815301076,1909f56bfc062723c751e8b465ee728b)
Start importing Assets/Arts/28.mat using Guid(d024da7c7740243648569ebc5d4c5a9e) Importer(815301076,1909f56bfc062723c751e8b465ee728b) [PhysX] Initialized MultithreadedTaskDispatcher with 10 workers.
[PhysX] Initialized MultithreadedTaskDispatcher with 10 workers.
 -> (artifact id: '76a91723f0b1b73d5d51bf1812bf4be8') in 0.044487 seconds
Number of updated asset objects reloaded before import = 0
Number of asset objects unloaded after import = 2
========================================================================
Received Import Request.
  Time since last request: 287.213159 seconds.
  path: Assets/Arts/28.mat
  artifactKey: Guid(d024da7c7740243648569ebc5d4c5a9e) Importer(815301076,1909f56bfc062723c751e8b465ee728b)
Start importing Assets/Arts/28.mat using Guid(d024da7c7740243648569ebc5d4c5a9e) Importer(815301076,1909f56bfc062723c751e8b465ee728b) [PhysX] Initialized MultithreadedTaskDispatcher with 10 workers.
[PhysX] Initialized MultithreadedTaskDispatcher with 10 workers.
 -> (artifact id: '50ed153926c83e529defce2756f8caae') in 0.060365 seconds
Number of updated asset objects reloaded before import = 0
Number of asset objects unloaded after import = 2
========================================================================
Received Import Request.
  Time since last request: 87.648303 seconds.
  path: Assets/Arts/28.mat
  artifactKey: Guid(d024da7c7740243648569ebc5d4c5a9e) Importer(815301076,1909f56bfc062723c751e8b465ee728b)
Start importing Assets/Arts/28.mat using Guid(d024da7c7740243648569ebc5d4c5a9e) Importer(815301076,1909f56bfc062723c751e8b465ee728b) [PhysX] Initialized MultithreadedTaskDispatcher with 10 workers.
[PhysX] Initialized MultithreadedTaskDispatcher with 10 workers.
 -> (artifact id: '1f9083b51e1dd6478b1a6d90342a0279') in 0.005469 seconds
Number of updated asset objects reloaded before import = 0
Number of asset objects unloaded after import = 2
========================================================================
Received Import Request.
  Time since last request: 5.964795 seconds.
  path: Assets/Arts/28.mat
  artifactKey: Guid(d024da7c7740243648569ebc5d4c5a9e) Importer(815301076,1909f56bfc062723c751e8b465ee728b)
Start importing Assets/Arts/28.mat using Guid(d024da7c7740243648569ebc5d4c5a9e) Importer(815301076,1909f56bfc062723c751e8b465ee728b) [PhysX] Initialized MultithreadedTaskDispatcher with 10 workers.
[PhysX] Initialized MultithreadedTaskDispatcher with 10 workers.
 -> (artifact id: '5a1a65cbc05606d336d3322ff075d477') in 0.035151 seconds
Number of updated asset objects reloaded before import = 0
Number of asset objects unloaded after import = 2
========================================================================
Received Import Request.
  Time since last request: 97.462886 seconds.
  path: Assets/Arts/28.mat
  artifactKey: Guid(d024da7c7740243648569ebc5d4c5a9e) Importer(815301076,1909f56bfc062723c751e8b465ee728b)
Start importing Assets/Arts/28.mat using Guid(d024da7c7740243648569ebc5d4c5a9e) Importer(815301076,1909f56bfc062723c751e8b465ee728b) [PhysX] Initialized MultithreadedTaskDispatcher with 10 workers.
[PhysX] Initialized MultithreadedTaskDispatcher with 10 workers.
 -> (artifact id: 'b27b0c5f3941c4166ffb221367ac91ad') in 0.045863 seconds
Number of updated asset objects reloaded before import = 0
Number of asset objects unloaded after import = 2
========================================================================
Received Import Request.
  Time since last request: 24.138500 seconds.
  path: Assets/Arts/28.mat
  artifactKey: Guid(d024da7c7740243648569ebc5d4c5a9e) Importer(815301076,1909f56bfc062723c751e8b465ee728b)
Start importing Assets/Arts/28.mat using Guid(d024da7c7740243648569ebc5d4c5a9e) Importer(815301076,1909f56bfc062723c751e8b465ee728b) [PhysX] Initialized MultithreadedTaskDispatcher with 10 workers.
[PhysX] Initialized MultithreadedTaskDispatcher with 10 workers.
 -> (artifact id: '07e3f1990a6101ea9c59f74af42b6954') in 0.035675 seconds
Number of updated asset objects reloaded before import = 0
Number of asset objects unloaded after import = 2
========================================================================
Received Import Request.
  Time since last request: 403.858972 seconds.
  path: Assets/Arts/28.mat
  artifactKey: Guid(d024da7c7740243648569ebc5d4c5a9e) Importer(815301076,1909f56bfc062723c751e8b465ee728b)
Start importing Assets/Arts/28.mat using Guid(d024da7c7740243648569ebc5d4c5a9e) Importer(815301076,1909f56bfc062723c751e8b465ee728b) [PhysX] Initialized MultithreadedTaskDispatcher with 10 workers.
[PhysX] Initialized MultithreadedTaskDispatcher with 10 workers.
 -> (artifact id: 'f2803eeb2c1c96ab717e975b10027d7e') in 0.037072 seconds
Number of updated asset objects reloaded before import = 0
Number of asset objects unloaded after import = 2
========================================================================
Received Import Request.
  Time since last request: 15.501553 seconds.
  path: Assets/Arts/28.mat
  artifactKey: Guid(d024da7c7740243648569ebc5d4c5a9e) Importer(815301076,1909f56bfc062723c751e8b465ee728b)
Start importing Assets/Arts/28.mat using Guid(d024da7c7740243648569ebc5d4c5a9e) Importer(815301076,1909f56bfc062723c751e8b465ee728b) [PhysX] Initialized MultithreadedTaskDispatcher with 10 workers.
[PhysX] Initialized MultithreadedTaskDispatcher with 10 workers.
 -> (artifact id: 'e0730ce7767e1c487344414b7d125f39') in 0.033988 seconds
Number of updated asset objects reloaded before import = 0
Number of asset objects unloaded after import = 2
========================================================================
Received Import Request.
  Time since last request: 94.043944 seconds.
  path: Assets/Arts/28.mat
  artifactKey: Guid(d024da7c7740243648569ebc5d4c5a9e) Importer(815301076,1909f56bfc062723c751e8b465ee728b)
Start importing Assets/Arts/28.mat using Guid(d024da7c7740243648569ebc5d4c5a9e) Importer(815301076,1909f56bfc062723c751e8b465ee728b) [PhysX] Initialized MultithreadedTaskDispatcher with 10 workers.
[PhysX] Initialized MultithreadedTaskDispatcher with 10 workers.
 -> (artifact id: '591875d14c81341a511240d987e15cd0') in 0.034948 seconds
Number of updated asset objects reloaded before import = 0
Number of asset objects unloaded after import = 2
========================================================================
Received Import Request.
  Time since last request: 23.643080 seconds.
  path: Assets/Arts/28.mat
  artifactKey: Guid(d024da7c7740243648569ebc5d4c5a9e) Importer(815301076,1909f56bfc062723c751e8b465ee728b)
Start importing Assets/Arts/28.mat using Guid(d024da7c7740243648569ebc5d4c5a9e) Importer(815301076,1909f56bfc062723c751e8b465ee728b) [PhysX] Initialized MultithreadedTaskDispatcher with 10 workers.
[PhysX] Initialized MultithreadedTaskDispatcher with 10 workers.
 -> (artifact id: 'af3c31b19429ece98c71f7fbfa2244a5') in 0.037168 seconds
Number of updated asset objects reloaded before import = 0
Number of asset objects unloaded after import = 2
========================================================================
Received Import Request.
  Time since last request: 233.875339 seconds.
  path: Assets/Arts/28.mat
  artifactKey: Guid(d024da7c7740243648569ebc5d4c5a9e) Importer(815301076,1909f56bfc062723c751e8b465ee728b)
Start importing Assets/Arts/28.mat using Guid(d024da7c7740243648569ebc5d4c5a9e) Importer(815301076,1909f56bfc062723c751e8b465ee728b) [PhysX] Initialized MultithreadedTaskDispatcher with 10 workers.
[PhysX] Initialized MultithreadedTaskDispatcher with 10 workers.
 -> (artifact id: '3b6e1a1d35e591227052275a9504c0a6') in 0.045849 seconds
Number of updated asset objects reloaded before import = 0
Number of asset objects unloaded after import = 2
========================================================================
Received Import Request.
  Time since last request: 43.735708 seconds.
  path: Assets/Arts/28.mat
  artifactKey: Guid(d024da7c7740243648569ebc5d4c5a9e) Importer(815301076,1909f56bfc062723c751e8b465ee728b)
Start importing Assets/Arts/28.mat using Guid(d024da7c7740243648569ebc5d4c5a9e) Importer(815301076,1909f56bfc062723c751e8b465ee728b) [PhysX] Initialized MultithreadedTaskDispatcher with 10 workers.
[PhysX] Initialized MultithreadedTaskDispatcher with 10 workers.
 -> (artifact id: '3b99a7c5eeebdd0f68ac73cffbf1dacd') in 0.033167 seconds
Number of updated asset objects reloaded before import = 0
Number of asset objects unloaded after import = 2
========================================================================
Received Import Request.
  Time since last request: 1142.711687 seconds.
  path: Assets/Arts/28.mat
  artifactKey: Guid(d024da7c7740243648569ebc5d4c5a9e) Importer(815301076,1909f56bfc062723c751e8b465ee728b)
Start importing Assets/Arts/28.mat using Guid(d024da7c7740243648569ebc5d4c5a9e) Importer(815301076,1909f56bfc062723c751e8b465ee728b) [PhysX] Initialized MultithreadedTaskDispatcher with 10 workers.
[PhysX] Initialized MultithreadedTaskDispatcher with 10 workers.
 -> (artifact id: '14da16f20acb0cdb04440e44bf87bf7f') in 0.073173 seconds
Number of updated asset objects reloaded before import = 0
Number of asset objects unloaded after import = 2
========================================================================
Received Import Request.
  Time since last request: 398.851024 seconds.
  path: Assets/Arts/28.mat
  artifactKey: Guid(d024da7c7740243648569ebc5d4c5a9e) Importer(815301076,1909f56bfc062723c751e8b465ee728b)
Start importing Assets/Arts/28.mat using Guid(d024da7c7740243648569ebc5d4c5a9e) Importer(815301076,1909f56bfc062723c751e8b465ee728b) [PhysX] Initialized MultithreadedTaskDispatcher with 10 workers.
[PhysX] Initialized MultithreadedTaskDispatcher with 10 workers.
 -> (artifact id: '50f476eecacabc6d8d137e8e07e5cb30') in 0.036160 seconds
Number of updated asset objects reloaded before import = 0
Number of asset objects unloaded after import = 2
========================================================================
Received Import Request.
  Time since last request: 129.825312 seconds.
  path: Assets/Arts/28.mat
  artifactKey: Guid(d024da7c7740243648569ebc5d4c5a9e) Importer(815301076,1909f56bfc062723c751e8b465ee728b)
Start importing Assets/Arts/28.mat using Guid(d024da7c7740243648569ebc5d4c5a9e) Importer(815301076,1909f56bfc062723c751e8b465ee728b) [PhysX] Initialized MultithreadedTaskDispatcher with 10 workers.
[PhysX] Initialized MultithreadedTaskDispatcher with 10 workers.
 -> (artifact id: '7fe2b28598eb55d2a65ca0f94f0030db') in 0.123926 seconds
Number of updated asset objects reloaded before import = 0
Number of asset objects unloaded after import = 2
========================================================================
Received Import Request.
  Time since last request: 97.721462 seconds.
  path: Assets/Arts/28.mat
  artifactKey: Guid(d024da7c7740243648569ebc5d4c5a9e) Importer(815301076,1909f56bfc062723c751e8b465ee728b)
Start importing Assets/Arts/28.mat using Guid(d024da7c7740243648569ebc5d4c5a9e) Importer(815301076,1909f56bfc062723c751e8b465ee728b) [PhysX] Initialized MultithreadedTaskDispatcher with 10 workers.
[PhysX] Initialized MultithreadedTaskDispatcher with 10 workers.
 -> (artifact id: 'b3757ab4261b304a46a911cef0d82f98') in 0.043254 seconds
Number of updated asset objects reloaded before import = 0
Number of asset objects unloaded after import = 2
========================================================================
Received Import Request.
  Time since last request: 5043.745549 seconds.
  path: Assets/Arts/29-Phong.jpg
  artifactKey: Guid(07f11056828be41878ec5fbf714e5877) Importer(815301076,1909f56bfc062723c751e8b465ee728b)
Start importing Assets/Arts/29-Phong.jpg using Guid(07f11056828be41878ec5fbf714e5877) Importer(815301076,1909f56bfc062723c751e8b465ee728b) [PhysX] Initialized MultithreadedTaskDispatcher with 10 workers.
[PhysX] Initialized MultithreadedTaskDispatcher with 10 workers.
 -> (artifact id: '198690a3968c13c0fb4be9edcf8185d3') in 0.024942 seconds
Number of updated asset objects reloaded before import = 0
Number of asset objects unloaded after import = 2
========================================================================
Received Import Request.
  Time since last request: 7.061052 seconds.
  path: Assets/Arts/29-Phong.shader
  artifactKey: Guid(0c89d2a9c18d84203a126037f12fa241) Importer(815301076,1909f56bfc062723c751e8b465ee728b)
Start importing Assets/Arts/29-Phong.shader using Guid(0c89d2a9c18d84203a126037f12fa241) Importer(815301076,1909f56bfc062723c751e8b465ee728b) [PhysX] Initialized MultithreadedTaskDispatcher with 10 workers.
 -> (artifact id: '2968f8d8dfcb542e0baad20d7e9b891e') in 0.001434 seconds
Number of updated asset objects reloaded before import = 0
Number of asset objects unloaded after import = 1
========================================================================
Received Import Request.
  Time since last request: 6.405739 seconds.
  path: Assets/Arts/29.mat
  artifactKey: Guid(c30310dbe16e24ad8be0566a5c4df4e9) Importer(815301076,1909f56bfc062723c751e8b465ee728b)
Start importing Assets/Arts/29.mat using Guid(c30310dbe16e24ad8be0566a5c4df4e9) Importer(815301076,1909f56bfc062723c751e8b465ee728b) [PhysX] Initialized MultithreadedTaskDispatcher with 10 workers.
[PhysX] Initialized MultithreadedTaskDispatcher with 10 workers.
 -> (artifact id: '91608ed0fb1e9e08dc19085d48b69672') in 0.066889 seconds
Number of updated asset objects reloaded before import = 0
Number of asset objects unloaded after import = 2
========================================================================
Received Import Request.
  Time since last request: 45.023389 seconds.
  path: Assets/Arts/29.mat
  artifactKey: Guid(c30310dbe16e24ad8be0566a5c4df4e9) Importer(815301076,1909f56bfc062723c751e8b465ee728b)
Start importing Assets/Arts/29.mat using Guid(c30310dbe16e24ad8be0566a5c4df4e9) Importer(815301076,1909f56bfc062723c751e8b465ee728b) [PhysX] Initialized MultithreadedTaskDispatcher with 10 workers.
[PhysX] Initialized MultithreadedTaskDispatcher with 10 workers.
 -> (artifact id: 'e38eb7f8601ecb53aaac94f6070cb385') in 0.005587 seconds
Number of updated asset objects reloaded before import = 0
Number of asset objects unloaded after import = 2
========================================================================
Received Import Request.
  Time since last request: 125.893294 seconds.
  path: Assets/Arts/29.mat
  artifactKey: Guid(c30310dbe16e24ad8be0566a5c4df4e9) Importer(815301076,1909f56bfc062723c751e8b465ee728b)
Start importing Assets/Arts/29.mat using Guid(c30310dbe16e24ad8be0566a5c4df4e9) Importer(815301076,1909f56bfc062723c751e8b465ee728b) [PhysX] Initialized MultithreadedTaskDispatcher with 10 workers.
[PhysX] Initialized MultithreadedTaskDispatcher with 10 workers.
 -> (artifact id: 'd84f293d78871d2ec7352dfc460f9677') in 0.048684 seconds
Number of updated asset objects reloaded before import = 0
Number of asset objects unloaded after import = 2
========================================================================
Received Import Request.
  Time since last request: 20.862917 seconds.
  path: Assets/Arts/29.mat
  artifactKey: Guid(c30310dbe16e24ad8be0566a5c4df4e9) Importer(815301076,1909f56bfc062723c751e8b465ee728b)
Start importing Assets/Arts/29.mat using Guid(c30310dbe16e24ad8be0566a5c4df4e9) Importer(815301076,1909f56bfc062723c751e8b465ee728b) [PhysX] Initialized MultithreadedTaskDispatcher with 10 workers.
[PhysX] Initialized MultithreadedTaskDispatcher with 10 workers.
 -> (artifact id: '44087a8cd4ae572aec35b9987c600561') in 0.048896 seconds
Number of updated asset objects reloaded before import = 0
Number of asset objects unloaded after import = 2
========================================================================
Received Import Request.
  Time since last request: 42.114415 seconds.
  path: Assets/Arts/29.mat
  artifactKey: Guid(c30310dbe16e24ad8be0566a5c4df4e9) Importer(815301076,1909f56bfc062723c751e8b465ee728b)
Start importing Assets/Arts/29.mat using Guid(c30310dbe16e24ad8be0566a5c4df4e9) Importer(815301076,1909f56bfc062723c751e8b465ee728b) [PhysX] Initialized MultithreadedTaskDispatcher with 10 workers.
[PhysX] Initialized MultithreadedTaskDispatcher with 10 workers.
 -> (artifact id: 'fbee3053a6950af2082644fa83a7f9f9') in 0.049122 seconds
Number of updated asset objects reloaded before import = 0
Number of asset objects unloaded after import = 2
========================================================================
Received Import Request.
  Time since last request: 20.197353 seconds.
  path: Assets/Arts/29.mat
  artifactKey: Guid(c30310dbe16e24ad8be0566a5c4df4e9) Importer(815301076,1909f56bfc062723c751e8b465ee728b)
Start importing Assets/Arts/29.mat using Guid(c30310dbe16e24ad8be0566a5c4df4e9) Importer(815301076,1909f56bfc062723c751e8b465ee728b) [PhysX] Initialized MultithreadedTaskDispatcher with 10 workers.
[PhysX] Initialized MultithreadedTaskDispatcher with 10 workers.
 -> (artifact id: '68eaaef955a8c2257b677ad07cf688b6') in 0.007406 seconds
Number of updated asset objects reloaded before import = 0
Number of asset objects unloaded after import = 2
========================================================================
Received Import Request.
  Time since last request: 387.298028 seconds.
  path: Assets/Arts/29.mat
  artifactKey: Guid(c30310dbe16e24ad8be0566a5c4df4e9) Importer(815301076,1909f56bfc062723c751e8b465ee728b)
Start importing Assets/Arts/29.mat using Guid(c30310dbe16e24ad8be0566a5c4df4e9) Importer(815301076,1909f56bfc062723c751e8b465ee728b) [PhysX] Initialized MultithreadedTaskDispatcher with 10 workers.
[PhysX] Initialized MultithreadedTaskDispatcher with 10 workers.
 -> (artifact id: '631e6c217425d735db418496b110d86d') in 0.049229 seconds
Number of updated asset objects reloaded before import = 0
Number of asset objects unloaded after import = 2
========================================================================
Received Import Request.
  Time since last request: 25.038718 seconds.
  path: Assets/Arts/29.mat
  artifactKey: Guid(c30310dbe16e24ad8be0566a5c4df4e9) Importer(815301076,1909f56bfc062723c751e8b465ee728b)
Start importing Assets/Arts/29.mat using Guid(c30310dbe16e24ad8be0566a5c4df4e9) Importer(815301076,1909f56bfc062723c751e8b465ee728b) [PhysX] Initialized MultithreadedTaskDispatcher with 10 workers.
[PhysX] Initialized MultithreadedTaskDispatcher with 10 workers.
 -> (artifact id: 'f640b5710e490ece575b24c4e0e90fba') in 0.006672 seconds
Number of updated asset objects reloaded before import = 0
Number of asset objects unloaded after import = 2
